2026-04-06 16:40:09.172 +00:00 [WRN] Overriding HTTP_PORTS '8080' and HTTPS_PORTS ''. Binding to values defined by URLS instead 'http://+:8080'.
2026-04-06 16:40:09.320 +00:00 [INF] Now listening on: http://[::]:8080
2026-04-06 16:40:09.323 +00:00 [INF] Application started. Press Ctrl+C to shut down.
2026-04-06 16:40:09.330 +00:00 [INF] Hosting environment: Production
2026-04-06 16:40:09.335 +00:00 [INF] Content root path: /app
2026-04-06 16:40:28.668 +00:00 [INF] Request starting HTTP/1.1 GET http://localhost:5000/ - null null
2026-04-06 16:40:28.710 +00:00 [INF] Request finished HTTP/1.1 GET http://localhost:5000/ - 404 0 null 44.8661ms
2026-04-06 16:40:28.739 +00:00 [INF] Request reached the end of the middleware pipeline without being handled by application code. Request path: GET http://localhost:5000/, Response status code: 404
2026-04-06 16:40:33.758 +00:00 [INF] Request starting HTTP/1.1 GET http://localhost:5000/swagger/index.html - null null
2026-04-06 16:40:33.893 +00:00 [INF] Request finished HTTP/1.1 GET http://localhost:5000/swagger/index.html - 200 null text/html;charset=utf-8 135.3524ms
2026-04-06 16:40:34.092 +00:00 [INF] Request starting HTTP/1.1 GET http://localhost:5000/swagger/v1/swagger.json - null null
2026-04-06 16:40:34.162 +00:00 [INF] Request finished HTTP/1.1 GET http://localhost:5000/swagger/v1/swagger.json - 200 null application/json;charset=utf-8 69.4346ms
2026-04-06 16:43:27.748 +00:00 [INF] Request starting HTTP/1.1 POST http://localhost:5000/api/reddit - application/json 144
2026-04-06 16:43:27.786 +00:00 [INF] Executing endpoint 'RedditAnalyzer.Controllers.RedditController.Analyze (RedditAnalyzer)'
2026-04-06 16:43:27.853 +00:00 [INF] Route matched with {action = "Analyze", controller = "Reddit"}. Executing controller action with signature System.Threading.Tasks.Task`1[Microsoft.AspNetCore.Mvc.IActionResult] Analyze(RedditAnalyzer.Models.RequestModel) on controller RedditAnalyzer.Controllers.RedditController (RedditAnalyzer).
2026-04-06 16:43:27.990 +00:00 [INF] Fetching HTML for r/nature
2026-04-06 16:43:28.005 +00:00 [INF] Start processing HTTP request GET https://old.reddit.com/r/nature?limit=25
2026-04-06 16:43:28.015 +00:00 [INF] Sending HTTP request GET https://old.reddit.com/r/nature?limit=25
2026-04-06 16:43:28.040 +00:00 [INF] Fetching HTML for r/aww
2026-04-06 16:43:28.053 +00:00 [INF] Start processing HTTP request GET https://old.reddit.com/r/aww?limit=25
2026-04-06 16:43:28.056 +00:00 [INF] Sending HTTP request GET https://old.reddit.com/r/aww?limit=25
2026-04-06 16:43:29.530 +00:00 [INF] Received HTTP response headers after 1507.5268ms - 200
2026-04-06 16:43:29.547 +00:00 [INF] End processing HTTP request after 1547.9376ms - 200
2026-04-06 16:43:29.628 +00:00 [INF] Received HTTP response headers after 1562.7349ms - 200
2026-04-06 16:43:29.654 +00:00 [INF] End processing HTTP request after 1600.203ms - 200
2026-04-06 16:43:29.940 +00:00 [INF] Done for r/nature, found 1 posts
2026-04-06 16:43:31.303 +00:00 [INF] Done for r/aww, found 3 posts
2026-04-06 16:43:31.317 +00:00 [INF] Executing OkObjectResult, writing value of type 'System.Collections.Generic.Dictionary`2[[System.String, System.Private.CoreLib, Version=8.0.0.0, Culture=neutral, PublicKeyToken=7cec85d7bea7798e],[System.Collections.Generic.List`1[[System.String, System.Private.CoreLib, Version=8.0.0.0, Culture=neutral, PublicKeyToken=7cec85d7bea7798e]], System.Private.CoreLib, Version=8.0.0.0, Culture=neutral, PublicKeyToken=7cec85d7bea7798e]]'.
2026-04-06 16:43:31.335 +00:00 [INF] Executed action RedditAnalyzer.Controllers.RedditController.Analyze (RedditAnalyzer) in 3447.8678ms
2026-04-06 16:43:31.343 +00:00 [INF] Executed endpoint 'RedditAnalyzer.Controllers.RedditController.Analyze (RedditAnalyzer)'
2026-04-06 16:43:31.346 +00:00 [INF] Request finished HTTP/1.1 POST http://localhost:5000/api/reddit - 200 null application/json; charset=utf-8 3598.1051ms
2026-04-06 16:43:32.470 +00:00 [INF] Request starting HTTP/1.1 POST http://localhost:5000/api/reddit - application/json 144
2026-04-06 16:43:32.482 +00:00 [INF] Executing endpoint 'RedditAnalyzer.Controllers.RedditController.Analyze (RedditAnalyzer)'
2026-04-06 16:43:32.490 +00:00 [INF] Route matched with {action = "Analyze", controller = "Reddit"}. Executing controller action with signature System.Threading.Tasks.Task`1[Microsoft.AspNetCore.Mvc.IActionResult] Analyze(RedditAnalyzer.Models.RequestModel) on controller RedditAnalyzer.Controllers.RedditController (RedditAnalyzer).
2026-04-06 16:43:32.494 +00:00 [INF] Fetching HTML for r/nature
2026-04-06 16:43:32.500 +00:00 [INF] Start processing HTTP request GET https://old.reddit.com/r/nature?limit=25
2026-04-06 16:43:32.505 +00:00 [INF] Sending HTTP request GET https://old.reddit.com/r/nature?limit=25
2026-04-06 16:43:32.509 +00:00 [INF] Fetching HTML for r/aww
2026-04-06 16:43:32.513 +00:00 [INF] Start processing HTTP request GET https://old.reddit.com/r/aww?limit=25
2026-04-06 16:43:32.516 +00:00 [INF] Sending HTTP request GET https://old.reddit.com/r/aww?limit=25
2026-04-06 16:43:33.612 +00:00 [INF] Received HTTP response headers after 1103.2208ms - 200
2026-04-06 16:43:33.631 +00:00 [INF] End processing HTTP request after 1131.303ms - 200
2026-04-06 16:43:33.847 +00:00 [INF] Received HTTP response headers after 1328.3907ms - 200
2026-04-06 16:43:33.870 +00:00 [INF] End processing HTTP request after 1357.9041ms - 200
2026-04-06 16:43:34.209 +00:00 [INF] Done for r/aww, found 3 posts
2026-04-06 16:43:34.417 +00:00 [INF] Done for r/nature, found 1 posts
2026-04-06 16:43:34.429 +00:00 [INF] Executing OkObjectResult, writing value of type 'System.Collections.Generic.Dictionary`2[[System.String, System.Private.CoreLib, Version=8.0.0.0, Culture=neutral, PublicKeyToken=7cec85d7bea7798e],[System.Collections.Generic.List`1[[System.String, System.Private.CoreLib, Version=8.0.0.0, Culture=neutral, PublicKeyToken=7cec85d7bea7798e]], System.Private.CoreLib, Version=8.0.0.0, Culture=neutral, PublicKeyToken=7cec85d7bea7798e]]'.
2026-04-06 16:43:34.435 +00:00 [INF] Executed action RedditAnalyzer.Controllers.RedditController.Analyze (RedditAnalyzer) in 1942.4101ms
2026-04-06 16:43:34.438 +00:00 [INF] Executed endpoint 'RedditAnalyzer.Controllers.RedditController.Analyze (RedditAnalyzer)'
2026-04-06 16:43:34.442 +00:00 [INF] Request finished HTTP/1.1 POST http://localhost:5000/api/reddit - 200 null application/json; charset=utf-8 1972.221ms
2026-04-06 18:23:28.668 +00:00 [INF] Request starting HTTP/1.1 GET http://localhost:5000/ - null null
2026-04-06 18:23:28.695 +00:00 [INF] Request finished HTTP/1.1 GET http://localhost:5000/ - 404 0 null 28.5308ms
2026-04-06 18:23:28.721 +00:00 [INF] Request reached the end of the middleware pipeline without being handled by application code. Request path: GET http://localhost:5000/, Response status code: 404
2026-04-06 18:23:34.175 +00:00 [INF] Request starting HTTP/1.1 GET http://localhost:5000/swagger/index.html - null null
2026-04-06 18:23:34.206 +00:00 [INF] Request finished HTTP/1.1 GET http://localhost:5000/swagger/index.html - 200 null text/html;charset=utf-8 32.389ms
2026-04-06 18:23:34.418 +00:00 [INF] Request starting HTTP/1.1 GET http://localhost:5000/swagger/v1/swagger.json - null null
2026-04-06 18:23:34.481 +00:00 [INF] Request finished HTTP/1.1 GET http://localhost:5000/swagger/v1/swagger.json - 200 null application/json;charset=utf-8 62.6025ms
2026-04-06 18:24:15.708 +00:00 [INF] Request starting HTTP/1.1 GET http://localhost:5000/api/reddit/playwright - null null
2026-04-06 18:24:15.749 +00:00 [INF] Request finished HTTP/1.1 GET http://localhost:5000/api/reddit/playwright - 404 0 null 66.5199ms
2026-04-06 18:24:15.768 +00:00 [INF] Request reached the end of the middleware pipeline without being handled by application code. Request path: GET http://localhost:5000/api/reddit/playwright, Response status code: 404
2026-04-06 18:26:22.258 +00:00 [INF] Request starting HTTP/1.1 GET http://localhost:5000/ - null null
2026-04-06 18:26:22.285 +00:00 [INF] Request finished HTTP/1.1 GET http://localhost:5000/ - 404 0 null 29.8748ms
2026-04-06 18:26:22.293 +00:00 [INF] Request reached the end of the middleware pipeline without being handled by application code. Request path: GET http://localhost:5000/, Response status code: 404
2026-04-06 18:26:26.310 +00:00 [INF] Request starting HTTP/1.1 GET http://localhost:5000/swagger/index.html - null null
2026-04-06 18:26:26.334 +00:00 [INF] Request finished HTTP/1.1 GET http://localhost:5000/swagger/index.html - 200 null text/html;charset=utf-8 23.7261ms
2026-04-06 18:26:26.609 +00:00 [INF] Request starting HTTP/1.1 GET http://localhost:5000/swagger/v1/swagger.json - null null
2026-04-06 18:26:26.701 +00:00 [INF] Request finished HTTP/1.1 GET http://localhost:5000/swagger/v1/swagger.json - 200 null application/json;charset=utf-8 94.7682ms
2026-04-06 18:27:01.141 +00:00 [INF] Request starting HTTP/1.1 GET http://localhost:5000/api/reddit - null null
2026-04-06 18:27:01.163 +00:00 [INF] Executing endpoint '405 HTTP Method Not Supported'
2026-04-06 18:27:01.174 +00:00 [INF] Executed endpoint '405 HTTP Method Not Supported'
2026-04-06 18:27:01.187 +00:00 [INF] Request finished HTTP/1.1 GET http://localhost:5000/api/reddit - 405 0 null 47.849ms
2026-04-06 18:27:13.545 +00:00 [INF] Request starting HTTP/1.1 GET http://localhost:5000/api/reddit/playwright - null null
2026-04-06 18:27:13.560 +00:00 [INF] Request finished HTTP/1.1 GET http://localhost:5000/api/reddit/playwright - 404 0 null 14.7715ms
2026-04-06 18:27:13.603 +00:00 [INF] Request reached the end of the middleware pipeline without being handled by application code. Request path: GET http://localhost:5000/api/reddit/playwright, Response status code: 404
2026-04-06 18:27:51.129 +00:00 [INF] Request starting HTTP/1.1 GET http://localhost:5000/swagger/index.html/playwright - null null
2026-04-06 18:27:51.148 +00:00 [INF] Request finished HTTP/1.1 GET http://localhost:5000/swagger/index.html/playwright - 404 0 null 19.229ms
2026-04-06 18:27:51.161 +00:00 [INF] Request reached the end of the middleware pipeline without being handled by application code. Request path: GET http://localhost:5000/swagger/index.html/playwright, Response status code: 404
2026-04-06 20:23:57.235 +00:00 [INF] Request starting HTTP/1.1 GET http://localhost:5000/swagger/index.html/playwright - null null
2026-04-06 20:23:57.253 +00:00 [INF] Request finished HTTP/1.1 GET http://localhost:5000/swagger/index.html/playwright - 404 0 null 18.6144ms
2026-04-06 20:23:57.270 +00:00 [INF] Request reached the end of the middleware pipeline without being handled by application code. Request path: GET http://localhost:5000/swagger/index.html/playwright, Response status code: 404
2026-04-06 20:28:23.039 +00:00 [INF] Request starting HTTP/1.1 GET http://localhost:5000/ - null null
2026-04-06 20:28:23.046 +00:00 [INF] Request finished HTTP/1.1 GET http://localhost:5000/ - 404 0 null 7.8588ms
2026-04-06 20:28:23.053 +00:00 [INF] Request reached the end of the middleware pipeline without being handled by application code. Request path: GET http://localhost:5000/, Response status code: 404
2026-04-06 20:28:28.336 +00:00 [INF] Request starting HTTP/1.1 GET http://localhost:5000/swagger/index.html - null null
2026-04-06 20:28:28.456 +00:00 [INF] Request finished HTTP/1.1 GET http://localhost:5000/swagger/index.html - 200 null text/html;charset=utf-8 119.78ms
2026-04-06 20:28:28.643 +00:00 [INF] Request starting HTTP/1.1 GET http://localhost:5000/swagger/v1/swagger.json - null null
2026-04-06 20:28:28.653 +00:00 [INF] Request finished HTTP/1.1 GET http://localhost:5000/swagger/v1/swagger.json - 200 null application/json;charset=utf-8 9.4462ms
2026-04-06 20:29:32.878 +00:00 [INF] Request starting HTTP/1.1 GET http://localhost:5000/swagger/index.html/api/reddit/playwright - null null
2026-04-06 20:29:32.904 +00:00 [INF] Request finished HTTP/1.1 GET http://localhost:5000/swagger/index.html/api/reddit/playwright - 404 0 null 26.3304ms
2026-04-06 20:29:32.918 +00:00 [INF] Request reached the end of the middleware pipeline without being handled by application code. Request path: GET http://localhost:5000/swagger/index.html/api/reddit/playwright, Response status code: 404
2026-04-06 20:30:55.749 +00:00 [INF] Request starting HTTP/1.1 POST http://localhost:5000/api/reddit - application/json 189
2026-04-06 20:30:55.768 +00:00 [INF] Executing endpoint 'RedditAnalyzer.Controllers.RedditController.Analyze (RedditAnalyzer)'
2026-04-06 20:30:55.810 +00:00 [INF] Route matched with {action = "Analyze", controller = "Reddit"}. Executing controller action with signature System.Threading.Tasks.Task`1[Microsoft.AspNetCore.Mvc.IActionResult] Analyze(RedditAnalyzer.Models.RequestModel) on controller RedditAnalyzer.Controllers.RedditController (RedditAnalyzer).
2026-04-06 20:30:55.855 +00:00 [INF] Fetching HTML for r/news
2026-04-06 20:30:55.867 +00:00 [INF] Start processing HTTP request GET https://old.reddit.com/r/news?limit=25
2026-04-06 20:30:55.875 +00:00 [INF] Sending HTTP request GET https://old.reddit.com/r/news?limit=25
2026-04-06 20:30:55.906 +00:00 [INF] Fetching HTML for r/aww
2026-04-06 20:30:55.910 +00:00 [INF] Start processing HTTP request GET https://old.reddit.com/r/aww?limit=25
2026-04-06 20:30:55.916 +00:00 [INF] Sending HTTP request GET https://old.reddit.com/r/aww?limit=25
2026-04-06 20:30:57.851 +00:00 [INF] Received HTTP response headers after 1972.1822ms - 200
2026-04-06 20:30:57.861 +00:00 [INF] End processing HTTP request after 1995.2897ms - 200
2026-04-06 20:30:57.954 +00:00 [INF] Received HTTP response headers after 2029.6967ms - 200
2026-04-06 20:30:57.962 +00:00 [INF] End processing HTTP request after 2052.7552ms - 200
2026-04-06 20:30:58.132 +00:00 [INF] Done for r/news, found 3 posts
2026-04-06 20:30:58.320 +00:00 [INF] Done for r/aww, found 4 posts
2026-04-06 20:30:58.328 +00:00 [INF] Executing OkObjectResult, writing value of type 'System.Collections.Generic.Dictionary`2[[System.String, System.Private.CoreLib, Version=8.0.0.0, Culture=neutral, PublicKeyToken=7cec85d7bea7798e],[System.Collections.Generic.List`1[[System.String, System.Private.CoreLib, Version=8.0.0.0, Culture=neutral, PublicKeyToken=7cec85d7bea7798e]], System.Private.CoreLib, Version=8.0.0.0, Culture=neutral, PublicKeyToken=7cec85d7bea7798e]]'.
2026-04-06 20:30:58.331 +00:00 [INF] Executed action RedditAnalyzer.Controllers.RedditController.Analyze (RedditAnalyzer) in 2511.1934ms
2026-04-06 20:30:58.336 +00:00 [INF] Executed endpoint 'RedditAnalyzer.Controllers.RedditController.Analyze (RedditAnalyzer)'
2026-04-06 20:30:58.346 +00:00 [INF] Request finished HTTP/1.1 POST http://localhost:5000/api/reddit - 200 null application/json; charset=utf-8 2597.3323ms
2026-04-06 20:30:59.563 +00:00 [INF] Request starting HTTP/1.1 POST http://localhost:5000/api/reddit - application/json 189
2026-04-06 20:30:59.565 +00:00 [INF] Executing endpoint 'RedditAnalyzer.Controllers.RedditController.Analyze (RedditAnalyzer)'
2026-04-06 20:30:59.566 +00:00 [INF] Route matched with {action = "Analyze", controller = "Reddit"}. Executing controller action with signature System.Threading.Tasks.Task`1[Microsoft.AspNetCore.Mvc.IActionResult] Analyze(RedditAnalyzer.Models.RequestModel) on controller RedditAnalyzer.Controllers.RedditController (RedditAnalyzer).
2026-04-06 20:30:59.573 +00:00 [INF] Fetching HTML for r/news
2026-04-06 20:30:59.576 +00:00 [INF] Start processing HTTP request GET https://old.reddit.com/r/news?limit=25
2026-04-06 20:30:59.580 +00:00 [INF] Sending HTTP request GET https://old.reddit.com/r/news?limit=25
2026-04-06 20:30:59.586 +00:00 [INF] Fetching HTML for r/aww
2026-04-06 20:30:59.589 +00:00 [INF] Start processing HTTP request GET https://old.reddit.com/r/aww?limit=25
2026-04-06 20:30:59.591 +00:00 [INF] Sending HTTP request GET https://old.reddit.com/r/aww?limit=25
2026-04-06 20:31:00.548 +00:00 [INF] Received HTTP response headers after 965.6248ms - 200
2026-04-06 20:31:00.571 +00:00 [INF] End processing HTTP request after 994.8385ms - 200
2026-04-06 20:31:00.755 +00:00 [INF] Received HTTP response headers after 1163.3081ms - 200
2026-04-06 20:31:00.778 +00:00 [INF] End processing HTTP request after 1189.356ms - 200
2026-04-06 20:31:00.854 +00:00 [INF] Done for r/news, found 3 posts
2026-04-06 20:31:01.184 +00:00 [INF] Done for r/aww, found 4 posts
2026-04-06 20:31:01.191 +00:00 [INF] Executing OkObjectResult, writing value of type 'System.Collections.Generic.Dictionary`2[[System.String, System.Private.CoreLib, Version=8.0.0.0, Culture=neutral, PublicKeyToken=7cec85d7bea7798e],[System.Collections.Generic.List`1[[System.String, System.Private.CoreLib, Version=8.0.0.0, Culture=neutral, PublicKeyToken=7cec85d7bea7798e]], System.Private.CoreLib, Version=8.0.0.0, Culture=neutral, PublicKeyToken=7cec85d7bea7798e]]'.
2026-04-06 20:31:01.194 +00:00 [INF] Executed action RedditAnalyzer.Controllers.RedditController.Analyze (RedditAnalyzer) in 1621.3756ms
2026-04-06 20:31:01.199 +00:00 [INF] Executed endpoint 'RedditAnalyzer.Controllers.RedditController.Analyze (RedditAnalyzer)'
2026-04-06 20:31:01.209 +00:00 [INF] Request finished HTTP/1.1 POST http://localhost:5000/api/reddit - 200 null application/json; charset=utf-8 1646.1205ms
2026-04-06 20:33:59.760 +00:00 [INF] Request starting HTTP/1.1 GET http://localhost:5000/api/reddit - null null
2026-04-06 20:33:59.768 +00:00 [INF] Executing endpoint '405 HTTP Method Not Supported'
2026-04-06 20:33:59.781 +00:00 [INF] Executed endpoint '405 HTTP Method Not Supported'
2026-04-06 20:33:59.787 +00:00 [INF] Request finished HTTP/1.1 GET http://localhost:5000/api/reddit - 405 0 null 27.3142ms
2026-04-06 20:34:31.780 +00:00 [INF] Request starting HTTP/1.1 GET http://localhost:5000/swagger/v1/swagger.json - null null
2026-04-06 20:34:31.786 +00:00 [INF] Request finished HTTP/1.1 GET http://localhost:5000/swagger/v1/swagger.json - 200 null application/json;charset=utf-8 6.0026ms
2026-04-06 20:34:31.877 +00:00 [INF] Request starting HTTP/1.1 GET http://localhost:5000/favicon.ico - null null
2026-04-06 20:34:31.884 +00:00 [INF] Request finished HTTP/1.1 GET http://localhost:5000/favicon.ico - 404 0 null 7.3794ms
2026-04-06 20:34:31.886 +00:00 [INF] Request reached the end of the middleware pipeline without being handled by application code. Request path: GET http://localhost:5000/favicon.ico, Response status code: 404
2026-04-06 21:03:33.203 +00:00 [INF] Request starting HTTP/1.1 GET http://localhost:5000/swagger/index.html - null null
2026-04-06 21:03:33.266 +00:00 [INF] Request finished HTTP/1.1 GET http://localhost:5000/swagger/index.html - 200 null text/html;charset=utf-8 62.9135ms
2026-04-06 21:03:33.454 +00:00 [INF] Request starting HTTP/1.1 GET http://localhost:5000/swagger/v1/swagger.json - null null
2026-04-06 21:03:33.504 +00:00 [INF] Request finished HTTP/1.1 GET http://localhost:5000/swagger/v1/swagger.json - 200 null application/json;charset=utf-8 50.0184ms
2026-04-06 21:05:57.591 +00:00 [INF] Application is shutting down...
2026-04-06 21:15:14.423 +00:00 [WRN] Overriding HTTP_PORTS '8080' and HTTPS_PORTS ''. Binding to values defined by URLS instead 'http://+:8080'.
2026-04-06 21:15:14.588 +00:00 [INF] Now listening on: http://[::]:8080
2026-04-06 21:15:14.597 +00:00 [INF] Application started. Press Ctrl+C to shut down.
2026-04-06 21:15:14.598 +00:00 [INF] Hosting environment: Production
2026-04-06 21:15:14.599 +00:00 [INF] Content root path: /app
2026-04-06 21:15:24.391 +00:00 [INF] Request starting HTTP/1.1 GET http://localhost:5000/ - null null
2026-04-06 21:15:24.455 +00:00 [INF] Request finished HTTP/1.1 GET http://localhost:5000/ - 404 0 null 65.006ms
2026-04-06 21:15:24.505 +00:00 [INF] Request reached the end of the middleware pipeline without being handled by application code. Request path: GET http://localhost:5000/, Response status code: 404
2026-04-06 21:15:32.489 +00:00 [INF] Request starting HTTP/1.1 GET http://localhost:5000/swagger/index.html - null null
2026-04-06 21:15:32.604 +00:00 [INF] Request finished HTTP/1.1 GET http://localhost:5000/swagger/index.html - 200 null text/html;charset=utf-8 115.3423ms
2026-04-06 21:15:32.807 +00:00 [INF] Request starting HTTP/1.1 GET http://localhost:5000/swagger/v1/swagger.json - null null
2026-04-06 21:15:32.895 +00:00 [INF] Request finished HTTP/1.1 GET http://localhost:5000/swagger/v1/swagger.json - 200 null application/json;charset=utf-8 87.9841ms
2026-04-06 21:15:49.318 +00:00 [INF] Request starting HTTP/1.1 POST http://localhost:5000/api/reddit/playwright - application/json 190
2026-04-06 21:15:49.343 +00:00 [INF] Executing endpoint 'RedditAnalyzer.Controllers.RedditController.AnalyzeWithPlaywright (RedditAnalyzer)'
2026-04-06 21:15:49.405 +00:00 [INF] Route matched with {action = "AnalyzeWithPlaywright", controller = "Reddit"}. Executing controller action with signature System.Threading.Tasks.Task`1[Microsoft.AspNetCore.Mvc.IActionResult] AnalyzeWithPlaywright(RedditAnalyzer.Models.RequestModel) on controller RedditAnalyzer.Controllers.RedditController (RedditAnalyzer).
2026-04-06 21:15:49.518 +00:00 [INF] Fetching via Playwright for r/nature
2026-04-06 21:15:49.660 +00:00 [INF] Fetching via Playwright for r/aww
2026-04-06 21:15:50.044 +00:00 [ERR] Playwright error for r/aww: 
╔══════════════════════════════════════════════════════╗
║ Host system is missing dependencies to run browsers. ║
║ Please install them with the following command:      ║
║                                                      ║
║     pwsh bin/Debug/netX/playwright.ps1 install-deps  ║
║                                                      ║
║ Alternatively, use apt:                              ║
║     apt-get install libpango-1.0-0\                  ║
║         libcairo2                                    ║
║                                                      ║
║ <3 Playwright Team                                   ║
╚══════════════════════════════════════════════════════╝
2026-04-06 21:15:50.044 +00:00 [ERR] Playwright error for r/nature: 
╔══════════════════════════════════════════════════════╗
║ Host system is missing dependencies to run browsers. ║
║ Please install them with the following command:      ║
║                                                      ║
║     pwsh bin/Debug/netX/playwright.ps1 install-deps  ║
║                                                      ║
║ Alternatively, use apt:                              ║
║     apt-get install libpango-1.0-0\                  ║
║         libcairo2                                    ║
║                                                      ║
║ <3 Playwright Team                                   ║
╚══════════════════════════════════════════════════════╝
2026-04-06 21:15:50.077 +00:00 [INF] Executing OkObjectResult, writing value of type 'System.Collections.Generic.Dictionary`2[[System.String, System.Private.CoreLib, Version=8.0.0.0, Culture=neutral, PublicKeyToken=7cec85d7bea7798e],[System.Collections.Generic.List`1[[System.String, System.Private.CoreLib, Version=8.0.0.0, Culture=neutral, PublicKeyToken=7cec85d7bea7798e]], System.Private.CoreLib, Version=8.0.0.0, Culture=neutral, PublicKeyToken=7cec85d7bea7798e]]'.
2026-04-06 21:15:50.095 +00:00 [INF] Executed action RedditAnalyzer.Controllers.RedditController.AnalyzeWithPlaywright (RedditAnalyzer) in 670.4772ms
2026-04-06 21:15:50.103 +00:00 [INF] Executed endpoint 'RedditAnalyzer.Controllers.RedditController.AnalyzeWithPlaywright (RedditAnalyzer)'
2026-04-06 21:15:50.106 +00:00 [INF] Request finished HTTP/1.1 POST http://localhost:5000/api/reddit/playwright - 200 null application/json; charset=utf-8 787.4881ms
2026-04-06 21:15:51.275 +00:00 [INF] Request starting HTTP/1.1 POST http://localhost:5000/api/reddit/playwright - application/json 190
2026-04-06 21:15:51.312 +00:00 [INF] Executing endpoint 'RedditAnalyzer.Controllers.RedditController.AnalyzeWithPlaywright (RedditAnalyzer)'
2026-04-06 21:15:51.313 +00:00 [INF] Route matched with {action = "AnalyzeWithPlaywright", controller = "Reddit"}. Executing controller action with signature System.Threading.Tasks.Task`1[Microsoft.AspNetCore.Mvc.IActionResult] AnalyzeWithPlaywright(RedditAnalyzer.Models.RequestModel) on controller RedditAnalyzer.Controllers.RedditController (RedditAnalyzer).
2026-04-06 21:15:51.318 +00:00 [INF] Fetching via Playwright for r/nature
2026-04-06 21:15:51.329 +00:00 [INF] Fetching via Playwright for r/aww
2026-04-06 21:15:51.611 +00:00 [ERR] Playwright error for r/nature: 
╔══════════════════════════════════════════════════════╗
║ Host system is missing dependencies to run browsers. ║
║ Please install them with the following command:      ║
║                                                      ║
║     pwsh bin/Debug/netX/playwright.ps1 install-deps  ║
║                                                      ║
║ Alternatively, use apt:                              ║
║     apt-get install libpango-1.0-0\                  ║
║         libcairo2                                    ║
║                                                      ║
║ <3 Playwright Team                                   ║
╚══════════════════════════════════════════════════════╝
2026-04-06 21:15:51.633 +00:00 [ERR] Playwright error for r/aww: 
╔══════════════════════════════════════════════════════╗
║ Host system is missing dependencies to run browsers. ║
║ Please install them with the following command:      ║
║                                                      ║
║     pwsh bin/Debug/netX/playwright.ps1 install-deps  ║
║                                                      ║
║ Alternatively, use apt:                              ║
║     apt-get install libpango-1.0-0\                  ║
║         libcairo2                                    ║
║                                                      ║
║ <3 Playwright Team                                   ║
╚══════════════════════════════════════════════════════╝
2026-04-06 21:15:51.635 +00:00 [INF] Executing OkObjectResult, writing value of type 'System.Collections.Generic.Dictionary`2[[System.String, System.Private.CoreLib, Version=8.0.0.0, Culture=neutral, PublicKeyToken=7cec85d7bea7798e],[System.Collections.Generic.List`1[[System.String, System.Private.CoreLib, Version=8.0.0.0, Culture=neutral, PublicKeyToken=7cec85d7bea7798e]], System.Private.CoreLib, Version=8.0.0.0, Culture=neutral, PublicKeyToken=7cec85d7bea7798e]]'.
2026-04-06 21:15:51.636 +00:00 [INF] Executed action RedditAnalyzer.Controllers.RedditController.AnalyzeWithPlaywright (RedditAnalyzer) in 319.5674ms
2026-04-06 21:15:51.637 +00:00 [INF] Executed endpoint 'RedditAnalyzer.Controllers.RedditController.AnalyzeWithPlaywright (RedditAnalyzer)'
2026-04-06 21:15:51.638 +00:00 [INF] Request finished HTTP/1.1 POST http://localhost:5000/api/reddit/playwright - 200 null application/json; charset=utf-8 363.2369ms
